<?xml version="1.0" encoding="UTF-8"?>
<!-- Generated by org.testng.reporters.JUnitReportReporter -->
<testsuite hostname="DESKTOP-MQI1OUI" failures="0" tests="1" name="smoke.User_validations" time="7.537" errors="0" timestamp="2023-12-26T09:30:37 IST" skipped="0">
  <testcase classname="smoke.User_validations" name="testing" time="7.537"/>
  <system-out/>
</testsuite> <!-- smoke.User_validations -->
