<?xml version="1.0" encoding="UTF-8"?>
<!-- Generated by org.testng.reporters.JUnitReportReporter -->
<testsuite hostname="DESKTOP-MQI1OUI" failures="0" tests="1" name="smoke.Login_Admin" time="2.270" errors="0" timestamp="2024-01-09T09:56:48 IST" skipped="0">
  <testcase classname="smoke.Login_Admin" name="login_Validation" time="2.270"/>
  <system-out/>
</testsuite> <!-- smoke.Login_Admin -->
