<?xml version="1.0" encoding="UTF-8"?>
<!-- Generated by org.testng.reporters.JUnitReportReporter -->
<testsuite hostname="DESKTOP-MQI1OUI" failures="0" tests="3" name="smoke.Dp_User_Vaidation" time="3.686" errors="0" timestamp="2023-12-26T09:40:30 IST" skipped="0">
  <testcase classname="smoke.Dp_User_Vaidation" name="testing" time="1.321"/>
  <system-out/>
  <testcase classname="smoke.Dp_User_Vaidation" name="testing" time="1.185"/>
  <system-out/>
  <testcase classname="smoke.Dp_User_Vaidation" name="testing" time="1.180"/>
  <system-out/>
</testsuite> <!-- smoke.Dp_User_Vaidation -->
