<?xml version="1.0" encoding="UTF-8"?>
<!-- Generated by org.testng.reporters.JUnitReportReporter -->
<testsuite hostname="DESKTOP-MQI1OUI" failures="0" tests="5" name="smoke.Dp_Excel_U_Validation" time="7.118" errors="0" timestamp="2023-12-26T11:18:55 IST" skipped="0">
  <testcase classname="smoke.Dp_Excel_U_Validation" name="testing" time="1.198"/>
  <system-out/>
  <testcase classname="smoke.Dp_Excel_U_Validation" name="testing" time="1.369"/>
  <system-out/>
  <testcase classname="smoke.Dp_Excel_U_Validation" name="testing" time="1.218"/>
  <system-out/>
  <testcase classname="smoke.Dp_Excel_U_Validation" name="testing" time="2.148"/>
  <system-out/>
  <testcase classname="smoke.Dp_Excel_U_Validation" name="testing" time="1.185"/>
  <system-out/>
</testsuite> <!-- smoke.Dp_Excel_U_Validation -->
